UniHire API running on http://localhost:5050
MongoDB connected
[0mGET /api/health [32m200[0m 5.735 ms - 30[0m
[0mPOST /api/auth/login [32m200[0m 506.931 ms - 382[0m
[0mGET /api/health [32m200[0m 14.032 ms - 30[0m
[0mGET /favicon.ico [33m404[0m 14.280 ms - 150[0m
D:\gig\gig-system\server\node_modules\mongoose\lib\schema\objectId.js:253
    throw new CastError('ObjectId', value, this.path, error, this);
          ^

CastError: Cast to ObjectId failed for value "dashboard" (type string) at path "_id" for model "Gig"
    at SchemaObjectId.cast (D:\gig\gig-system\server\node_modules\mongoose\lib\schema\objectId.js:253:11)
    at SchemaType.applySetters (D:\gig\gig-system\server\node_modules\mongoose\lib\schemaType.js:1288:12)
    at SchemaType.castForQuery (D:\gig\gig-system\server\node_modules\mongoose\lib\schemaType.js:1724:17)
    at cast (D:\gig\gig-system\server\node_modules\mongoose\lib\cast.js:390:32)
    at Query.cast (D:\gig\gig-system\server\node_modules\mongoose\lib\query.js:5060:12)
    at Query._castConditions (D:\gig\gig-system\server\node_modules\mongoose\lib\query.js:2374:10)
    at model.Query._findOne (D:\gig\gig-system\server\node_modules\mongoose\lib\query.js:2697:8)
    at model.Query.exec (D:\gig\gig-system\server\node_modules\mongoose\lib\query.js:4627:80)
    at process.processTicksAndRejections (node:internal/process/task_queues:103:5)
    at async file:///D:/gig/gig-system/server/routes/gigs.js:41:17 {
  stringValue: '"dashboard"',
  messageFormat: undefined,
  kind: 'ObjectId',
  value: 'dashboard',
  path: '_id',
  reason: BSONError: input must be a 24 character hex string, 12 byte Uint8Array, or an integer
      at new ObjectId (D:\gig\gig-system\server\node_modules\bson\lib\bson.cjs:2538:23)
      at castObjectId (D:\gig\gig-system\server\node_modules\mongoose\lib\cast\objectid.js:25:12)
      at SchemaObjectId.cast (D:\gig\gig-system\server\node_modules\mongoose\lib\schema\objectId.js:251:12)
      at SchemaType.applySetters (D:\gig\gig-system\server\node_modules\mongoose\lib\schemaType.js:1288:12)
      at SchemaType.castForQuery (D:\gig\gig-system\server\node_modules\mongoose\lib\schemaType.js:1724:17)
      at cast (D:\gig\gig-system\server\node_modules\mongoose\lib\cast.js:390:32)
      at Query.cast (D:\gig\gig-system\server\node_modules\mongoose\lib\query.js:5060:12)
      at Query._castConditions (D:\gig\gig-system\server\node_modules\mongoose\lib\query.js:2374:10)
      at model.Query._findOne (D:\gig\gig-system\server\node_modules\mongoose\lib\query.js:2697:8)
      at model.Query.exec (D:\gig\gig-system\server\node_modules\mongoose\lib\query.js:4627:80),
  valueType: 'string'
}

Node.js v24.13.1
